2017/12/06 16:29:25 role: 1b4e78e0ac00000
2017/12/06 16:29:25 role: 1b4e78e0ac00001
2017/12/06 16:29:25 role: 1b4e78e0ac00002
2017/12/06 16:29:25 role: 1b4e78e0ac00003
2017/12/06 16:29:25 role: 1b4e78e0ac00004
2017/12/06 16:29:25 role: 1b4e78e0ac00005
2017/12/06 16:29:25 role: 1b4e78e0ac00006
2017/12/06 16:29:25 role: 1b4e78e0ac00007
2017/12/06 16:29:25 role: 1b4e78e0ac00008
2017/12/06 16:29:25 role: 1b4e78e0ac00009
2017/12/06 16:29:25 role: 1b4e78e0ac0000a
2017/12/06 16:29:25 role: 1b4e78e0ac0000b
2017/12/06 16:29:25 role: 1b4e78e0ac0000c
2017/12/06 16:29:25 role: 1b4e78e0ac0000d
2017/12/06 16:29:25 role: 1b4e78e0ac0000e
2017/12/06 16:29:25 role: 1b4e78e0ac0000f
2017/12/06 16:29:25 role: 1b4e78e0ac00010
2017/12/06 16:29:25 role: 1b4e78e0ac00011
2017/12/06 16:29:25 role: 1b4e78e0ac00012
2017/12/06 16:29:25 role: 1b4e78e0ac00013
2017/12/06 16:29:25 role: 1b4e78e0ac00014
2017/12/06 16:29:25 role: 1b4e78e0ac00015
2017/12/06 16:29:25 role: 1b4e78e0ac00016
2017/12/06 16:29:25 role: 1b4e78e0ac00017
2017/12/06 16:29:25 role: 1b4e78e0ac00018
2017/12/06 16:29:25 role: 1b4e78e0ac00019
2017/12/06 16:29:25 role: 1b4e78e0ac0001a
2017/12/06 16:29:25 role: 1b4e78e0ac0001b
2017/12/06 16:29:25 role: 1b4e78e0ac0001c
2017/12/06 16:29:25 role: 1b4e78e0ac0001d
2017/12/06 16:29:25 role: 1b4e78e0ac0001e
2017/12/06 16:29:25 role: 1b4e78e0ac0001f
2017/12/06 16:29:25 role: 1b4e78e0ac00020
2017/12/06 16:29:25 role: 1b4e78e0ac00021
2017/12/06 16:29:25 role: 1b4e78e0ac00022
2017/12/06 16:29:25 role: 1b4e78e0ac00023
2017/12/06 16:29:25 role: 1b4e78e0ac00024
2017/12/06 16:29:25 role: 1b4e78e0ac00025
2017/12/06 16:29:25 role: 1b4e78e0ac00026
2017/12/06 16:29:25 role: 1b4e78e0ac00027
2017/12/06 16:29:25 role: 1b4e78e0ac00028
2017/12/06 16:29:25 role: 1b4e78e0ac00029
2017/12/06 16:29:25 role: 1b4e78e0ac0002a
2017/12/06 16:29:25 role: 1b4e78e0ac0002b
2017/12/06 16:29:25 role: 1b4e78e0ac0002c
2017/12/06 16:29:25 role: 1b4e78e0ac0002d
2017/12/06 16:29:25 role: 1b4e78e0ac0002e
2017/12/06 16:29:25 role: 1b4e78e0ac0002f
2017/12/06 16:29:25 role: 1b4e78e0ac00030
2017/12/06 16:29:25 role: 1b4e78e0ac00031
2017/12/06 16:29:25 role: 1b4e78e0ac00032
2017/12/06 16:29:25 role: 1b4e78e0ac00033
2017/12/06 16:29:25 role: 1b4e78e0ac00034
2017/12/06 16:29:25 role: 1b4e78e0ac00035
2017/12/06 16:29:25 role: 1b4e78e0ac00036
2017/12/06 16:29:25 role: 1b4e78e0ac00037
2017/12/06 16:29:25 role: 1b4e78e0ac00038
2017/12/06 16:29:25 role: 1b4e78e0ac00039
2017/12/06 16:29:25 role: 1b4e78e0ac0003a
2017/12/06 16:29:25 role: 1b4e78e0ac0003b
2017/12/06 16:29:25 role: 1b4e78e0ac0003c
2017/12/06 16:29:25 role: 1b4e78e0ac0003d
2017/12/06 16:29:25 role: 1b4e78e0ac0003e
2017/12/06 16:29:25 role: 1b4e78e0ac0003f
2017/12/06 16:29:25 role: 1b4e78e0ac00040
2017/12/06 16:29:25 role: 1b4e78e0ac00041
2017/12/06 16:29:25 role: 1b4e78e0ac00042
2017/12/06 16:29:25 role: 1b4e78e0ac00043
2017/12/06 16:29:25 role: 1b4e78e0ac00044
2017/12/06 16:29:25 role: 1b4e78e0ac00045
2017/12/06 16:29:25 role: 1b4e78e0ac00046
2017/12/06 16:29:25 role: 1b4e78e0ac00047
2017/12/06 16:29:25 role: 1b4e78e0ac00048
2017/12/06 16:29:25 role: 1b4e78e0ac00049
2017/12/06 16:29:25 role: 1b4e78e0ac0004a
2017/12/06 16:29:25 role: 1b4e78e0ac0004b
2017/12/06 16:29:25 role: 1b4e78e0ac0004c
2017/12/06 16:29:25 role: 1b4e78e0ac0004d
2017/12/06 16:29:25 role: 1b4e78e0ac0004e
2017/12/06 16:29:25 role: 1b4e78e0ac0004f
2017/12/06 16:29:25 role: 1b4e78e0ac00050
2017/12/06 16:29:25 role: 1b4e78e0ac00051
2017/12/06 16:29:25 role: 1b4e78e0ac00052
2017/12/06 16:29:25 role: 1b4e78e0ac00053
2017/12/06 16:29:25 role: 1b4e78e0ac00054
2017/12/06 16:29:25 role: 1b4e78e0ac00055
2017/12/06 16:29:25 role: 1b4e78e0ac00056
2017/12/06 16:29:25 role: 1b4e78e0ac00057
2017/12/06 16:29:25 role: 1b4e78e0ac00058
2017/12/06 16:29:25 role: 1b4e78e0ac00059
2017/12/06 16:29:25 role: 1b4e78e0ac0005a
2017/12/06 16:29:25 role: 1b4e78e0ac0005b
2017/12/06 16:29:25 role: 1b4e78e0ac0005c
2017/12/06 16:29:25 role: 1b4e78e0ac0005d
2017/12/06 16:29:25 role: 1b4e78e0ac0005e
2017/12/06 16:29:25 role: 1b4e78e0ac0005f
2017/12/06 16:29:25 role: 1b4e78e0ac00060
2017/12/06 16:29:25 role: 1b4e78e0ac00061
2017/12/06 16:29:25 role: 1b4e78e0ac00062
2017/12/06 16:29:25 role: 1b4e78e0ac00063
2017/12/06 16:29:25 item: 1b4e78e0ac00000
2017/12/06 16:29:25 item: 1b4e78e0ac00001
2017/12/06 16:29:25 item: 1b4e78e0ac00002
2017/12/06 16:29:25 item: 1b4e78e0ac00003
2017/12/06 16:29:25 item: 1b4e78e0ac00004
2017/12/06 16:29:25 item: 1b4e78e0ac00005
2017/12/06 16:29:25 item: 1b4e78e0ac00006
2017/12/06 16:29:25 item: 1b4e78e0ac00007
2017/12/06 16:29:25 item: 1b4e78e0ac00008
2017/12/06 16:29:25 item: 1b4e78e0ac00009
2017/12/06 16:29:25 item: 1b4e78e0ac0000a
2017/12/06 16:29:25 item: 1b4e78e0ac0000b
2017/12/06 16:29:25 item: 1b4e78e0ac0000c
2017/12/06 16:29:25 item: 1b4e78e0ac0000d
2017/12/06 16:29:25 item: 1b4e78e0ac0000e
2017/12/06 16:29:25 item: 1b4e78e0ac0000f
2017/12/06 16:29:25 item: 1b4e78e0ac00010
2017/12/06 16:29:25 item: 1b4e78e0ac00011
2017/12/06 16:29:25 item: 1b4e78e0ac00012
2017/12/06 16:29:25 item: 1b4e78e0ac00013
2017/12/06 16:29:25 item: 1b4e78e0ac00014
2017/12/06 16:29:25 item: 1b4e78e0ac00015
2017/12/06 16:29:25 item: 1b4e78e0ac00016
2017/12/06 16:29:25 item: 1b4e78e0ac00017
2017/12/06 16:29:25 item: 1b4e78e0ac00018
2017/12/06 16:29:25 item: 1b4e78e0ac00019
2017/12/06 16:29:25 item: 1b4e78e0ac0001a
2017/12/06 16:29:25 item: 1b4e78e0ac0001b
2017/12/06 16:29:25 item: 1b4e78e0ac0001c
2017/12/06 16:29:25 item: 1b4e78e0ac0001d
2017/12/06 16:29:25 item: 1b4e78e0ac0001e
2017/12/06 16:29:25 item: 1b4e78e0ac0001f
2017/12/06 16:29:25 item: 1b4e78e0ac00020
2017/12/06 16:29:25 item: 1b4e78e0ac00021
2017/12/06 16:29:25 item: 1b4e78e0ac00022
2017/12/06 16:29:25 item: 1b4e78e0ac00023
2017/12/06 16:29:25 item: 1b4e78e0ac00024
2017/12/06 16:29:25 item: 1b4e78e0ac00025
2017/12/06 16:29:25 item: 1b4e78e0ac00026
2017/12/06 16:29:25 item: 1b4e78e0ac00027
2017/12/06 16:29:25 item: 1b4e78e0ac00028
2017/12/06 16:29:25 item: 1b4e78e0ac00029
2017/12/06 16:29:25 item: 1b4e78e0ac0002a
2017/12/06 16:29:25 item: 1b4e78e0ac0002b
2017/12/06 16:29:25 item: 1b4e78e0ac0002c
2017/12/06 16:29:25 item: 1b4e78e0ac0002d
2017/12/06 16:29:25 item: 1b4e78e0ac0002e
2017/12/06 16:29:25 item: 1b4e78e0ac0002f
2017/12/06 16:29:25 item: 1b4e78e0ac00030
2017/12/06 16:29:25 item: 1b4e78e0ac00031
2017/12/06 16:29:25 item: 1b4e78e0ac00032
2017/12/06 16:29:25 item: 1b4e78e0ac00033
2017/12/06 16:29:25 item: 1b4e78e0ac00034
2017/12/06 16:29:25 item: 1b4e78e0ac00035
2017/12/06 16:29:25 item: 1b4e78e0ac00036
2017/12/06 16:29:25 item: 1b4e78e0ac00037
2017/12/06 16:29:25 item: 1b4e78e0ac00038
2017/12/06 16:29:25 item: 1b4e78e0ac00039
2017/12/06 16:29:25 item: 1b4e78e0ac0003a
2017/12/06 16:29:25 item: 1b4e78e0ac0003b
2017/12/06 16:29:25 item: 1b4e78e0ac0003c
2017/12/06 16:29:25 item: 1b4e78e0ac0003d
2017/12/06 16:29:25 item: 1b4e78e0ac0003e
2017/12/06 16:29:25 item: 1b4e78e0ac0003f
2017/12/06 16:29:25 item: 1b4e78e0ac00040
2017/12/06 16:29:25 item: 1b4e78e0ac00041
2017/12/06 16:29:25 item: 1b4e78e0b000000
2017/12/06 16:29:25 item: 1b4e78e0b000001
2017/12/06 16:29:25 item: 1b4e78e0b000002
2017/12/06 16:29:25 item: 1b4e78e0b000003
2017/12/06 16:29:25 item: 1b4e78e0b000004
2017/12/06 16:29:25 item: 1b4e78e0b000005
2017/12/06 16:29:25 item: 1b4e78e0b000006
2017/12/06 16:29:25 item: 1b4e78e0b000007
2017/12/06 16:29:25 item: 1b4e78e0b000008
2017/12/06 16:29:25 item: 1b4e78e0b000009
2017/12/06 16:29:25 item: 1b4e78e0b00000a
2017/12/06 16:29:25 item: 1b4e78e0b00000b
2017/12/06 16:29:25 item: 1b4e78e0b00000c
2017/12/06 16:29:25 item: 1b4e78e0b00000d
2017/12/06 16:29:25 item: 1b4e78e0b00000e
2017/12/06 16:29:25 item: 1b4e78e0b00000f
2017/12/06 16:29:25 item: 1b4e78e0b000010
2017/12/06 16:29:25 item: 1b4e78e0b000011
2017/12/06 16:29:25 item: 1b4e78e0b000012
2017/12/06 16:29:25 item: 1b4e78e0b000013
2017/12/06 16:29:25 item: 1b4e78e0b000014
2017/12/06 16:29:25 item: 1b4e78e0b000015
2017/12/06 16:29:25 item: 1b4e78e0b000016
2017/12/06 16:29:25 item: 1b4e78e0b000017
2017/12/06 16:29:25 item: 1b4e78e0b000018
2017/12/06 16:29:25 item: 1b4e78e0b000019
2017/12/06 16:29:25 item: 1b4e78e0b00001a
2017/12/06 16:29:25 item: 1b4e78e0b00001b
2017/12/06 16:29:25 item: 1b4e78e0b00001c
2017/12/06 16:29:25 item: 1b4e78e0b00001d
2017/12/06 16:29:25 item: 1b4e78e0b00001e
2017/12/06 16:29:25 item: 1b4e78e0b00001f
2017/12/06 16:29:25 item: 1b4e78e0b000020
2017/12/06 16:29:25 item: 1b4e78e0b000021
2017/12/06 16:29:25 continuous: 3e9
2017/12/06 16:29:25 continuous: 3ea
2017/12/06 16:29:25 continuous: 3eb
2017/12/06 16:29:25 continuous: 3ec
2017/12/06 16:29:25 continuous: 3ed
2017/12/06 16:29:25 continuous: 3ee
2017/12/06 16:29:25 continuous: 3ef
2017/12/06 16:29:25 continuous: 3f0
2017/12/06 16:29:25 continuous: 3f1
2017/12/06 16:29:25 continuous: 3f2
2017/12/06 16:29:25 continuous: 3f3
2017/12/06 16:29:25 continuous: 3f4
2017/12/06 16:29:25 continuous: 3f5
2017/12/06 16:29:25 continuous: 3f6
2017/12/06 16:29:25 continuous: 3f7
2017/12/06 16:29:25 continuous: 3f8
2017/12/06 16:29:25 continuous: 3f9
2017/12/06 16:29:25 continuous: 3fa
2017/12/06 16:29:25 continuous: 3fb
2017/12/06 16:29:25 continuous: 3fc
2017/12/06 16:29:25 continuous: 3fd
2017/12/06 16:29:25 continuous: 3fe
2017/12/06 16:29:25 continuous: 3ff
2017/12/06 16:29:25 continuous: 400
2017/12/06 16:29:25 continuous: 401
2017/12/06 16:29:25 continuous: 402
2017/12/06 16:29:25 continuous: 403
2017/12/06 16:29:25 continuous: 404
2017/12/06 16:29:25 continuous: 405
2017/12/06 16:29:25 continuous: 406
2017/12/06 16:29:25 continuous: 407
2017/12/06 16:29:25 continuous: 408
2017/12/06 16:29:25 continuous: 409
2017/12/06 16:29:25 continuous: 40a
2017/12/06 16:29:25 continuous: 40b
2017/12/06 16:29:25 continuous: 40c
2017/12/06 16:29:25 continuous: 40d
2017/12/06 16:29:25 continuous: 40e
2017/12/06 16:29:25 continuous: 40f
2017/12/06 16:29:25 continuous: 410
2017/12/06 16:29:25 continuous: 411
2017/12/06 16:29:25 continuous: 412
2017/12/06 16:29:25 continuous: 413
2017/12/06 16:29:25 continuous: 414
2017/12/06 16:29:25 continuous: 415
2017/12/06 16:29:25 continuous: 416
2017/12/06 16:29:25 continuous: 417
2017/12/06 16:29:25 continuous: 418
2017/12/06 16:29:25 continuous: 419
2017/12/06 16:29:25 continuous: 41a
2017/12/06 16:29:25 continuous: 41b
2017/12/06 16:29:25 continuous: 41c
2017/12/06 16:29:25 continuous: 41d
2017/12/06 16:29:25 continuous: 41e
2017/12/06 16:29:25 continuous: 41f
2017/12/06 16:29:25 continuous: 420
2017/12/06 16:29:25 continuous: 421
2017/12/06 16:29:25 continuous: 422
2017/12/06 16:29:25 continuous: 423
2017/12/06 16:29:25 continuous: 424
2017/12/06 16:29:25 continuous: 425
2017/12/06 16:29:25 continuous: 426
2017/12/06 16:29:25 continuous: 427
2017/12/06 16:29:25 continuous: 428
2017/12/06 16:29:25 continuous: 429
2017/12/06 16:29:25 continuous: 42a
2017/12/06 16:29:25 continuous: 42b
2017/12/06 16:29:25 continuous: 42c
2017/12/06 16:29:25 continuous: 42d
2017/12/06 16:29:25 continuous: 42e
2017/12/06 16:29:25 continuous: 42f
2017/12/06 16:29:25 continuous: 430
2017/12/06 16:29:25 continuous: 431
2017/12/06 16:29:25 continuous: 432
2017/12/06 16:29:25 continuous: 433
2017/12/06 16:29:25 continuous: 434
2017/12/06 16:29:25 continuous: 435
2017/12/06 16:29:25 continuous: 436
2017/12/06 16:29:25 continuous: 437
2017/12/06 16:29:25 continuous: 438
2017/12/06 16:29:25 continuous: 439
2017/12/06 16:29:25 continuous: 43a
2017/12/06 16:29:25 continuous: 43b
2017/12/06 16:29:25 continuous: 43c
2017/12/06 16:29:25 continuous: 43d
2017/12/06 16:29:25 continuous: 43e
2017/12/06 16:29:25 continuous: 43f
2017/12/06 16:29:25 continuous: 440
2017/12/06 16:29:25 continuous: 441
2017/12/06 16:29:25 continuous: 442
2017/12/06 16:29:25 continuous: 443
2017/12/06 16:29:25 continuous: 444
2017/12/06 16:29:25 continuous: 445
2017/12/06 16:29:25 continuous: 446
2017/12/06 16:29:25 continuous: 447
2017/12/06 16:29:25 continuous: 448
2017/12/06 16:29:25 continuous: 449
2017/12/06 16:29:25 continuous: 44a
2017/12/06 16:29:25 continuous: 44b
2017/12/06 16:29:25 continuous: 44c
2017/12/06 16:29:25 default: 1b4e78e0b000000
2017/12/06 16:29:25 default: 1b4e78e0b000001
2017/12/06 16:29:25 default: 1b4e78e0b000002
2017/12/06 16:29:25 default: 1b4e78e0b000003
2017/12/06 16:29:25 default: 1b4e78e0b000004
2017/12/06 16:29:25 default: 1b4e78e0b000005
2017/12/06 16:29:25 default: 1b4e78e0b000006
2017/12/06 16:29:25 default: 1b4e78e0b000007
2017/12/06 16:29:25 default: 1b4e78e0b000008
2017/12/06 16:29:25 default: 1b4e78e0b000009
2017/12/06 16:29:25 default: 1b4e78e0b00000a
2017/12/06 16:29:25 default: 1b4e78e0b00000b
2017/12/06 16:29:25 default: 1b4e78e0b00000c
2017/12/06 16:29:25 default: 1b4e78e0b00000d
2017/12/06 16:29:25 default: 1b4e78e0b00000e
2017/12/06 16:29:25 default: 1b4e78e0b00000f
2017/12/06 16:29:25 default: 1b4e78e0b000010
2017/12/06 16:29:25 default: 1b4e78e0b000011
2017/12/06 16:29:25 default: 1b4e78e0b000012
2017/12/06 16:29:25 default: 1b4e78e0b000013
2017/12/06 16:29:25 default: 1b4e78e0b000014
2017/12/06 16:29:25 default: 1b4e78e0b000015
2017/12/06 16:29:25 default: 1b4e78e0b000016
2017/12/06 16:29:25 default: 1b4e78e0b000017
2017/12/06 16:29:25 default: 1b4e78e0b000018
2017/12/06 16:29:25 default: 1b4e78e0b000019
2017/12/06 16:29:25 default: 1b4e78e0b00001a
2017/12/06 16:29:25 default: 1b4e78e0b00001b
2017/12/06 16:29:25 default: 1b4e78e0b00001c
2017/12/06 16:29:25 default: 1b4e78e0b00001d
2017/12/06 16:29:25 default: 1b4e78e0b00001e
2017/12/06 16:29:25 default: 1b4e78e0b00001f
2017/12/06 16:29:25 default: 1b4e78e0b000020
2017/12/06 16:29:25 default: 1b4e78e0b000021
2017/12/06 16:29:25 default: 1b4e78e0b000022
2017/12/06 16:29:25 default: 1b4e78e0b000023
2017/12/06 16:29:25 default: 1b4e78e0b000024
2017/12/06 16:29:25 default: 1b4e78e0b000025
2017/12/06 16:29:25 default: 1b4e78e0b000026
2017/12/06 16:29:25 default: 1b4e78e0b000027
2017/12/06 16:29:25 default: 1b4e78e0b000028
2017/12/06 16:29:25 default: 1b4e78e0b000029
2017/12/06 16:29:25 default: 1b4e78e0b00002a
2017/12/06 16:29:25 default: 1b4e78e0b00002b
2017/12/06 16:29:25 default: 1b4e78e0b00002c
2017/12/06 16:29:25 default: 1b4e78e0b00002d
2017/12/06 16:29:25 default: 1b4e78e0b00002e
2017/12/06 16:29:25 default: 1b4e78e0b00002f
2017/12/06 16:29:25 default: 1b4e78e0b000030
2017/12/06 16:29:25 default: 1b4e78e0b000031
2017/12/06 16:29:25 default: 1b4e78e0b000032
2017/12/06 16:29:25 default: 1b4e78e0b000033
2017/12/06 16:29:25 default: 1b4e78e0b000034
2017/12/06 16:29:25 default: 1b4e78e0b000035
2017/12/06 16:29:25 default: 1b4e78e0b000036
2017/12/06 16:29:25 default: 1b4e78e0b000037
2017/12/06 16:29:25 default: 1b4e78e0b000038
2017/12/06 16:29:25 default: 1b4e78e0b000039
2017/12/06 16:29:25 default: 1b4e78e0b00003a
2017/12/06 16:29:25 default: 1b4e78e0b00003b
2017/12/06 16:29:25 default: 1b4e78e0b00003c
2017/12/06 16:29:25 default: 1b4e78e0b00003d
2017/12/06 16:29:25 default: 1b4e78e0b00003e
2017/12/06 16:29:25 default: 1b4e78e0b00003f
2017/12/06 16:29:25 default: 1b4e78e0b000040
2017/12/06 16:29:25 default: 1b4e78e0b000041
2017/12/06 16:29:25 default: 1b4e78e0b000042
2017/12/06 16:29:25 default: 1b4e78e0b000043
2017/12/06 16:29:25 default: 1b4e78e0b000044
2017/12/06 16:29:25 default: 1b4e78e0b000045
2017/12/06 16:29:25 default: 1b4e78e0b000046
2017/12/06 16:29:25 default: 1b4e78e0b000047
2017/12/06 16:29:25 default: 1b4e78e0b000048
2017/12/06 16:29:25 default: 1b4e78e0b000049
2017/12/06 16:29:25 default: 1b4e78e0b00004a
2017/12/06 16:29:25 default: 1b4e78e0b00004b
2017/12/06 16:29:25 default: 1b4e78e0b00004c
2017/12/06 16:29:25 default: 1b4e78e0b00004d
2017/12/06 16:29:25 default: 1b4e78e0b00004e
2017/12/06 16:29:25 default: 1b4e78e0b00004f
2017/12/06 16:29:25 default: 1b4e78e0b000050
2017/12/06 16:29:25 default: 1b4e78e0b000051
2017/12/06 16:29:25 default: 1b4e78e0b000052
2017/12/06 16:29:25 default: 1b4e78e0b000053
2017/12/06 16:29:25 default: 1b4e78e0b000054
2017/12/06 16:29:25 default: 1b4e78e0b000055
2017/12/06 16:29:25 default: 1b4e78e0b000056
2017/12/06 16:29:25 default: 1b4e78e0b000057
2017/12/06 16:29:25 default: 1b4e78e0b000058
2017/12/06 16:29:25 default: 1b4e78e0b000059
2017/12/06 16:29:25 default: 1b4e78e0b00005a
2017/12/06 16:29:25 default: 1b4e78e0b00005b
2017/12/06 16:29:25 default: 1b4e78e0b00005c
2017/12/06 16:29:25 default: 1b4e78e0b00005d
2017/12/06 16:29:25 default: 1b4e78e0b00005e
2017/12/06 16:29:25 default: 1b4e78e0b00005f
2017/12/06 16:29:25 default: 1b4e78e0b000060
2017/12/06 16:29:25 default: 1b4e78e0b000061
2017/12/06 16:29:25 default: 1b4e78e0b000062
2017/12/06 16:29:25 default: 1b4e78e0b000063
PASS
ok  	github.com/yulefox/flake	0.009s
